{"contracts/Raffle.sol":{"l":{"68":3,"69":3,"70":3,"71":3,"72":3,"73":3,"74":3,"75":3,"80":5,"81":1,"83":4,"84":1,"86":3,"89":3,"105":1,"106":1,"107":1,"108":1,"109":1,"115":1,"116":1,"117":0,"124":1,"125":1,"132":1,"143":0,"144":0,"145":0,"146":0,"147":0,"148":0,"149":0,"150":0,"151":0,"153":0,"158":5,"162":1,"166":0,"170":1,"175":0,"179":0,"183":0,"187":0,"191":5},"path":"/home/alexs3abo/hh-fcc/hardhat-smartcontract-lottery-fcc/contracts/Raffle.sol","s":{"1":3,"2":3,"3":3,"4":3,"5":3,"6":3,"7":3,"8":3,"9":5,"10":4,"11":3,"12":3,"13":1,"14":1,"15":1,"16":1,"17":1,"18":1,"19":1,"20":1,"21":1,"22":1,"23":0,"24":0,"25":0,"26":0,"27":0,"28":0,"29":0,"30":0,"31":0,"32":5,"33":1,"34":0,"35":1,"36":0,"37":0,"38":0,"39":0,"40":5},"b":{"1":[1,4],"2":[1,3],"3":[0,1],"4":[0,0]},"f":{"1":3,"2":5,"3":1,"4":1,"5":0,"6":5,"7":1,"8":0,"9":1,"10":0,"11":0,"12":0,"13":0,"14":5},"fnMap":{"1":{"name":"constructor","line":67,"loc":{"start":{"line":60,"column":4},"end":{"line":76,"column":4}}},"2":{"name":"enterRaffle","line":78,"loc":{"start":{"line":78,"column":4},"end":{"line":90,"column":4}}},"3":{"name":"checkUpkeep","line":95,"loc":{"start":{"line":95,"column":4},"end":{"line":110,"column":4}}},"4":{"name":"performUpkeep","line":112,"loc":{"start":{"line":112,"column":4},"end":{"line":134,"column":4}}},"5":{"name":"fulfillRandomWords","line":136,"loc":{"start":{"line":136,"column":4},"end":{"line":154,"column":4}}},"6":{"name":"getEntranceFee","line":157,"loc":{"start":{"line":157,"column":4},"end":{"line":159,"column":4}}},"7":{"name":"getPlayer","line":161,"loc":{"start":{"line":161,"column":4},"end":{"line":163,"column":4}}},"8":{"name":"getRecentWinner","line":165,"loc":{"start":{"line":165,"column":4},"end":{"line":167,"column":4}}},"9":{"name":"getRaffleState","line":169,"loc":{"start":{"line":169,"column":4},"end":{"line":171,"column":4}}},"10":{"name":"getNumWords","line":173,"loc":{"start":{"line":173,"column":4},"end":{"line":176,"column":4}}},"11":{"name":"getNumberOfPlayers","line":178,"loc":{"start":{"line":178,"column":4},"end":{"line":180,"column":4}}},"12":{"name":"getLatestTimeStamp","line":182,"loc":{"start":{"line":182,"column":4},"end":{"line":184,"column":4}}},"13":{"name":"getRequestConfirmations","line":186,"loc":{"start":{"line":186,"column":4},"end":{"line":188,"column":4}}},"14":{"name":"getInterval","line":190,"loc":{"start":{"line":190,"column":4},"end":{"line":192,"column":4}}}},"statementMap":{"1":{"start":{"line":68,"column":8},"end":{"line":68,"column":34}},"2":{"start":{"line":69,"column":8},"end":{"line":69,"column":69}},"3":{"start":{"line":70,"column":8},"end":{"line":70,"column":26}},"4":{"start":{"line":71,"column":8},"end":{"line":71,"column":40}},"5":{"start":{"line":72,"column":8},"end":{"line":72,"column":44}},"6":{"start":{"line":73,"column":8},"end":{"line":73,"column":39}},"7":{"start":{"line":74,"column":8},"end":{"line":74,"column":40}},"8":{"start":{"line":75,"column":8},"end":{"line":75,"column":28}},"9":{"start":{"line":80,"column":8},"end":{"line":80,"column":2527}},"10":{"start":{"line":83,"column":8},"end":{"line":83,"column":2628}},"11":{"start":{"line":86,"column":8},"end":{"line":86,"column":42}},"12":{"start":{"line":89,"column":8},"end":{"line":89,"column":36}},"13":{"start":{"line":105,"column":8},"end":{"line":105,"column":57}},"14":{"start":{"line":106,"column":8},"end":{"line":106,"column":74}},"15":{"start":{"line":107,"column":8},"end":{"line":107,"column":48}},"16":{"start":{"line":108,"column":8},"end":{"line":108,"column":51}},"17":{"start":{"line":109,"column":8},"end":{"line":109,"column":72}},"18":{"start":{"line":115,"column":8},"end":{"line":115,"column":47}},"19":{"start":{"line":116,"column":8},"end":{"line":116,"column":3641}},"20":{"start":{"line":124,"column":8},"end":{"line":124,"column":46}},"21":{"start":{"line":125,"column":8},"end":{"line":125,"column":3937}},"22":{"start":{"line":132,"column":8},"end":{"line":132,"column":45}},"23":{"start":{"line":143,"column":8},"end":{"line":143,"column":65}},"24":{"start":{"line":144,"column":8},"end":{"line":144,"column":63}},"25":{"start":{"line":145,"column":8},"end":{"line":145,"column":36}},"26":{"start":{"line":146,"column":8},"end":{"line":146,"column":39}},"27":{"start":{"line":147,"column":8},"end":{"line":147,"column":43}},"28":{"start":{"line":148,"column":8},"end":{"line":148,"column":40}},"29":{"start":{"line":149,"column":8},"end":{"line":149,"column":78}},"30":{"start":{"line":150,"column":8},"end":{"line":150,"column":4859}},"31":{"start":{"line":153,"column":8},"end":{"line":153,"column":39}},"32":{"start":{"line":158,"column":8},"end":{"line":158,"column":28}},"33":{"start":{"line":162,"column":8},"end":{"line":162,"column":31}},"34":{"start":{"line":166,"column":8},"end":{"line":166,"column":29}},"35":{"start":{"line":170,"column":8},"end":{"line":170,"column":28}},"36":{"start":{"line":175,"column":8},"end":{"line":175,"column":24}},"37":{"start":{"line":179,"column":8},"end":{"line":179,"column":31}},"38":{"start":{"line":183,"column":8},"end":{"line":183,"column":30}},"39":{"start":{"line":187,"column":8},"end":{"line":187,"column":36}},"40":{"start":{"line":191,"column":8},"end":{"line":191,"column":25}}},"branchMap":{"1":{"line":80,"type":"if","locations":[{"start":{"line":80,"column":8},"end":{"line":80,"column":8}},{"start":{"line":80,"column":8},"end":{"line":80,"column":8}}]},"2":{"line":83,"type":"if","locations":[{"start":{"line":83,"column":8},"end":{"line":83,"column":8}},{"start":{"line":83,"column":8},"end":{"line":83,"column":8}}]},"3":{"line":116,"type":"if","locations":[{"start":{"line":116,"column":8},"end":{"line":116,"column":8}},{"start":{"line":116,"column":8},"end":{"line":116,"column":8}}]},"4":{"line":150,"type":"if","locations":[{"start":{"line":150,"column":8},"end":{"line":150,"column":8}},{"start":{"line":150,"column":8},"end":{"line":150,"column":8}}]}}},"contracts/test/VRFCoordinatorV2Mock.sol":{"l":{},"path":"/home/alexs3abo/hh-fcc/hardhat-smartcontract-lottery-fcc/contracts/test/VRFCoordinatorV2Mock.sol","s":{},"b":{},"f":{},"fnMap":{},"statementMap":{},"branchMap":{}}}